#
# A fatal error has been detected by the Java Runtime Environment:
#
#  EXCEPTION_ACCESS_VIOLATION (0xc0000005) at pc=0x00007ffc651daf40, pid=12812, tid=6112
#
# JRE version: OpenJDK Runtime Environment Corretto-11.0.10.9.1 (11.0.10+9) (build 11.0.10+9-LTS)
# Java VM: OpenJDK 64-Bit Server VM Corretto-11.0.10.9.1 (11.0.10+9-LTS, mixed mode, tiered, compressed oops, parallel gc, windows-amd64)
# Problematic frame:
# C  0x00007ffc651daf40
#
# No core dump will be written. Minidumps are not enabled by default on client versions of Windows
#
# If you would like to submit a bug report, please visit:
#   https://github.com/corretto/corretto-11/issues/
#

---------------  S U M M A R Y ------------

Command Line: --add-modules=ALL-SYSTEM --add-opens=java.base/java.util=ALL-UNNAMED --add-opens=java.base/java.lang=ALL-UNNAMED -Declipse.application=org.eclipse.jdt.ls.core.id1 -Dosgi.bundles.defaultStartLevel=4 -Declipse.product=org.eclipse.jdt.ls.core.product -Dfile.encoding=utf8 -DwatchParentProcess=false -XX:+UseParallelGC -XX:GCTimeRatio=4 -XX:AdaptiveSizePolicyWeight=90 -Dsun.zip.disableMemoryMapping=true -Xmx1G -Xms100m -Xverify:none c:\Users\Lokesh M\.vscode\extensions\redhat.java-0.77.0\server\plugins\org.eclipse.equinox.launcher_1.6.100.v20201223-0822.jar -configuration c:\Users\Lokesh M\AppData\Roaming\Code\User\globalStorage\redhat.java\0.77.0\config_win -data c:\Users\Lokesh M\AppData\Roaming\Code\User\workspaceStorage\25ca71ff52e3138b1cc81c284389aca1\redhat.java\jdt_ws

Host: AMD Ryzen 5 3500 6-Core Processor              , 6 cores, 7G,  Windows 10 , 64 bit Build 19041 (10.0.19041.928)
Time: Fri Apr 23 18:57:26 2021 India Standard Time elapsed time: 2.517930 seconds (0d 0h 0m 2s)

---------------  T H R E A D  ---------------

Current thread (0x00000270af6b1000):  JavaThread "C2 CompilerThread0" daemon [_thread_in_native, id=6112, stack(0x000000b5bfd00000,0x000000b5bfe00000)]


Current CompileTask:
C2:   2517 3508       4       jdk.internal.jimage.ImageReader$SharedImageReader::makeDirectories (54 bytes)

Stack: [0x000000b5bfd00000,0x000000b5bfe00000],  sp=0x000000b5bfdfaae0,  free space=1002k
Native frames: (J=compiled Java code, j=interpreted, Vv=VM code, C=native code)
C  0x00007ffc651daf40


siginfo: EXCEPTION_ACCESS_VIOLATION (0xc0000005), data execution prevention violation at address 0x00007ffc651daf40


Register to memory mapping:

RIP=0x00007ffc651daf40 is an unknown value
RAX=0x0000000000000029 is an unknown value
RBX=0x00000270bd629dd8 points into unknown readable memory: 0x00007ffc645154d0 | d0 54 51 64 fc 7f 00 00
RCX=0x0000000000000505 is an unknown value
RDX=0x00000270bd629dd8 points into unknown readable memory: 0x00007ffc645154d0 | d0 54 51 64 fc 7f 00 00
RSP=0x000000b5bfdfaae0 is pointing into the stack for thread: 0x00000270af6b1000
RBP=0x00000270bda13430 points into unknown readable memory: 0x00007ffc64518ee8 | e8 8e 51 64 fc 7f 00 00
RSI=0x000000b5bfdfb1e0 is pointing into the stack for thread: 0x00000270af6b1000
RDI=0x00000270bda13430 points into unknown readable memory: 0x00007ffc64518ee8 | e8 8e 51 64 fc 7f 00 00
R8 =0x00000270bd629dd8 points into unknown readable memory: 0x00007ffc645154d0 | d0 54 51 64 fc 7f 00 00
R9 =0x00000270bda13430 points into unknown readable memory: 0x00007ffc64518ee8 | e8 8e 51 64 fc 7f 00 00
R10=0x0 is NULL
R11=0x8080808080808080 is an unknown value
R12=0x0 is NULL
R13=0x00000270bda134a8 points into unknown readable memory: 0x00000270bda134c0 | c0 34 a1 bd 70 02 00 00
R14=0x000000000000002b is an unknown value
R15=0x00000270bda137a8 points into unknown readable memory: 0x00007ffc64515978 | 78 59 51 64 fc 7f 00 00


Registers:
RAX=0x0000000000000029, RBX=0x00000270bd629dd8, RCX=0x0000000000000505, RDX=0x00000270bd629dd8
RSP=0x000000b5bfdfaae0, RBP=0x00000270bda13430, RSI=0x000000b5bfdfb1e0, RDI=0x00000270bda13430
R8 =0x00000270bd629dd8, R9 =0x00000270bda13430, R10=0x0000000000000000, R11=0x8080808080808080
R12=0x0000000000000000, R13=0x00000270bda134a8, R14=0x000000000000002b, R15=0x00000270bda137a8
RIP=0x00007ffc651daf40, EFLAGS=0x0000000000010202

Top of Stack: (sp=0x000000b5bfdfaae0)
0x000000b5bfdfaae0:   00000270bd629dd8 0000000000000000
0x000000b5bfdfaaf0:   00000270b10eb590 00000270bdaa39d0
0x000000b5bfdfab00:   00000270bda13430 000000b5bfdfb1e0
0x000000b5bfdfab10:   00000270bda134a8 0000000000000000
0x000000b5bfdfab20:   00000270bda13430 00007ffc641daa0f
0x000000b5bfdfab30:   00000270bda137a8 0000000000000000
0x000000b5bfdfab40:   00000270bda134c0 00000270bda13430
0x000000b5bfdfab50:   00000270bda13430 000000b5bfdfb1e0
0x000000b5bfdfab60:   00000270bda13430 00000270bd629dd8
0x000000b5bfdfab70:   000000b5bfdfad10 0000000000000029
0x000000b5bfdfab80:   00000270bda134c0 00007ffc641dc161
0x000000b5bfdfab90:   000000000000048a 00000270bda134b0
0x000000b5bfdfaba0:   00000270bd629dd8 00000270b1e75560
0x000000b5bfdfabb0:   00000270af69f970 0000027000000080
0x000000b5bfdfabc0:   00000270b1f0d820 00007ffc00000000
0x000000b5bfdfabd0:   00000270b1e75560 00007ffc642a3863 

Instructions: (pc=0x00007ffc651daf40)
0x00007ffc651dae40:   ?? ?? ?? ?? ?? ?? ?? ?? ?? ?? ?? ?? ?? ?? ?? ??
0x00007ffc651dae50:   ?? ?? ?? ?? ?? ?? ?? ?? ?? ?? ?? ?? ?? ?? ?? ??
0x00007ffc651dae60:   ?? ?? ?? ?? ?? ?? ?? ?? ?? ?? ?? ?? ?? ?? ?? ??
0x00007ffc651dae70:   ?? ?? ?? ?? ?? ?? ?? ?? ?? ?? ?? ?? ?? ?? ?? ??
0x00007ffc651dae80:   ?? ?? ?? ?? ?? ?? ?? ?? ?? ?? ?? ?? ?? ?? ?? ??
0x00007ffc651dae90:   ?? ?? ?? ?? ?? ?? ?? ?? ?? ?? ?? ?? ?? ?? ?? ??
0x00007ffc651daea0:   ?? ?? ?? ?? ?? ?? ?? ?? ?? ?? ?? ?? ?? ?? ?? ??
0x00007ffc651daeb0:   ?? ?? ?? ?? ?? ?? ?? ?? ?? ?? ?? ?? ?? ?? ?? ??
0x00007ffc651daec0:   ?? ?? ?? ?? ?? ?? ?? ?? ?? ?? ?? ?? ?? ?? ?? ??
0x00007ffc651daed0:   ?? ?? ?? ?? ?? ?? ?? ?? ?? ?? ?? ?? ?? ?? ?? ??
0x00007ffc651daee0:   ?? ?? ?? ?? ?? ?? ?? ?? ?? ?? ?? ?? ?? ?? ?? ??
0x00007ffc651daef0:   ?? ?? ?? ?? ?? ?? ?? ?? ?? ?? ?? ?? ?? ?? ?? ??
0x00007ffc651daf00:   ?? ?? ?? ?? ?? ?? ?? ?? ?? ?? ?? ?? ?? ?? ?? ??
0x00007ffc651daf10:   ?? ?? ?? ?? ?? ?? ?? ?? ?? ?? ?? ?? ?? ?? ?? ??
0x00007ffc651daf20:   ?? ?? ?? ?? ?? ?? ?? ?? ?? ?? ?? ?? ?? ?? ?? ??
0x00007ffc651daf30:   ?? ?? ?? ?? ?? ?? ?? ?? ?? ?? ?? ?? ?? ?? ?? ??
0x00007ffc651daf40:   ?? ?? ?? ?? ?? ?? ?? ?? ?? ?? ?? ?? ?? ?? ?? ??
0x00007ffc651daf50:   ?? ?? ?? ?? ?? ?? ?? ?? ?? ?? ?? ?? ?? ?? ?? ??
0x00007ffc651daf60:   ?? ?? ?? ?? ?? ?? ?? ?? ?? ?? ?? ?? ?? ?? ?? ??
0x00007ffc651daf70:   ?? ?? ?? ?? ?? ?? ?? ?? ?? ?? ?? ?? ?? ?? ?? ??
0x00007ffc651daf80:   ?? ?? ?? ?? ?? ?? ?? ?? ?? ?? ?? ?? ?? ?? ?? ??
0x00007ffc651daf90:   ?? ?? ?? ?? ?? ?? ?? ?? ?? ?? ?? ?? ?? ?? ?? ??
0x00007ffc651dafa0:   ?? ?? ?? ?? ?? ?? ?? ?? ?? ?? ?? ?? ?? ?? ?? ??
0x00007ffc651dafb0:   ?? ?? ?? ?? ?? ?? ?? ?? ?? ?? ?? ?? ?? ?? ?? ??
0x00007ffc651dafc0:   ?? ?? ?? ?? ?? ?? ?? ?? ?? ?? ?? ?? ?? ?? ?? ??
0x00007ffc651dafd0:   ?? ?? ?? ?? ?? ?? ?? ?? ?? ?? ?? ?? ?? ?? ?? ??
0x00007ffc651dafe0:   ?? ?? ?? ?? ?? ?? ?? ?? ?? ?? ?? ?? ?? ?? ?? ??
0x00007ffc651daff0:   ?? ?? ?? ?? ?? ?? ?? ?? ?? ?? ?? ?? ?? ?? ?? ??
0x00007ffc651db000:   ?? ?? ?? ?? ?? ?? ?? ?? ?? ?? ?? ?? ?? ?? ?? ??
0x00007ffc651db010:   ?? ?? ?? ?? ?? ?? ?? ?? ?? ?? ?? ?? ?? ?? ?? ??
0x00007ffc651db020:   ?? ?? ?? ?? ?? ?? ?? ?? ?? ?? ?? ?? ?? ?? ?? ??
0x00007ffc651db030:   ?? ?? ?? ?? ?? ?? ?? ?? ?? ?? ?? ?? ?? ?? ?? ?? 


Stack slot to memory mapping:
stack at sp + 0 slots: 0x00000270bd629dd8 points into unknown readable memory: 0x00007ffc645154d0 | d0 54 51 64 fc 7f 00 00
stack at sp + 1 slots: 0x0 is NULL
stack at sp + 2 slots: 0x00000270b10eb590 points into unknown readable memory: 0x000000b5bfdfec20 | 20 ec df bf b5 00 00 00
stack at sp + 3 slots: 0x00000270bdaa39d0 points into unknown readable memory: 0x00007ffc645b9238 | 38 92 5b 64 fc 7f 00 00
stack at sp + 4 slots: 0x00000270bda13430 points into unknown readable memory: 0x00007ffc64518ee8 | e8 8e 51 64 fc 7f 00 00
stack at sp + 5 slots: 0x000000b5bfdfb1e0 is pointing into the stack for thread: 0x00000270af6b1000
stack at sp + 6 slots: 0x00000270bda134a8 points into unknown readable memory: 0x00000270bda134c0 | c0 34 a1 bd 70 02 00 00
stack at sp + 7 slots: 0x0 is NULL


---------------  P R O C E S S  ---------------

Threads class SMR info:
_java_thread_list=0x00000270b2aeaa20, length=25, elements={
0x00000270955ce800, 0x00000270af68d000, 0x00000270af697800, 0x00000270b0e52800,
0x00000270b0e53800, 0x00000270af6b0000, 0x00000270af6b1000, 0x00000270af6b4800,
0x00000270af6b8000, 0x00000270b0fd0000, 0x00000270b128c800, 0x00000270b160b800,
0x00000270b177a000, 0x00000270b163b800, 0x00000270b1624800, 0x00000270b2025000,
0x00000270b21a3800, 0x00000270b2180800, 0x00000270b2125800, 0x00000270b1637000,
0x00000270b2268800, 0x00000270b2269800, 0x00000270b226a000, 0x00000270b226c800,
0x00000270b226b000
}

Java Threads: ( => current thread )
  0x00000270955ce800 JavaThread "main" [_thread_blocked, id=5056, stack(0x000000b5bf500000,0x000000b5bf600000)]
  0x00000270af68d000 JavaThread "Reference Handler" daemon [_thread_blocked, id=5416, stack(0x000000b5bf800000,0x000000b5bf900000)]
  0x00000270af697800 JavaThread "Finalizer" daemon [_thread_blocked, id=11088, stack(0x000000b5bf900000,0x000000b5bfa00000)]
  0x00000270b0e52800 JavaThread "Signal Dispatcher" daemon [_thread_blocked, id=440, stack(0x000000b5bfa00000,0x000000b5bfb00000)]
  0x00000270b0e53800 JavaThread "Attach Listener" daemon [_thread_blocked, id=10552, stack(0x000000b5bfb00000,0x000000b5bfc00000)]
  0x00000270af6b0000 JavaThread "Service Thread" daemon [_thread_blocked, id=12752, stack(0x000000b5bfc00000,0x000000b5bfd00000)]
=>0x00000270af6b1000 JavaThread "C2 CompilerThread0" daemon [_thread_in_native, id=6112, stack(0x000000b5bfd00000,0x000000b5bfe00000)]
  0x00000270af6b4800 JavaThread "C1 CompilerThread0" daemon [_thread_blocked, id=12488, stack(0x000000b5bfe00000,0x000000b5bff00000)]
  0x00000270af6b8000 JavaThread "Sweeper thread" daemon [_thread_blocked, id=2812, stack(0x000000b5bff00000,0x000000b5c0000000)]
  0x00000270b0fd0000 JavaThread "Common-Cleaner" daemon [_thread_blocked, id=8400, stack(0x000000b5c0000000,0x000000b5c0100000)]
  0x00000270b128c800 JavaThread "C2 CompilerThread1" daemon [_thread_in_native, id=9188, stack(0x000000b5c0200000,0x000000b5c0300000)]
  0x00000270b160b800 JavaThread "Active Thread: Equinox Container: 372d3b98-50cb-42d9-b287-598f45583377" [_thread_blocked, id=7020, stack(0x000000b5c0300000,0x000000b5c0400000)]
  0x00000270b177a000 JavaThread "Framework Event Dispatcher: Equinox Container: 372d3b98-50cb-42d9-b287-598f45583377" daemon [_thread_blocked, id=11040, stack(0x000000b5c0400000,0x000000b5c0500000)]
  0x00000270b163b800 JavaThread "Start Level: Equinox Container: 372d3b98-50cb-42d9-b287-598f45583377" daemon [_thread_blocked, id=12024, stack(0x000000b5c0500000,0x000000b5c0600000)]
  0x00000270b1624800 JavaThread "SCR Component Actor" daemon [_thread_blocked, id=2220, stack(0x000000b5c0900000,0x000000b5c0a00000)]
  0x00000270b2025000 JavaThread "Timer-0" daemon [_thread_blocked, id=3876, stack(0x000000b5c0a00000,0x000000b5c0b00000)]
  0x00000270b21a3800 JavaThread "Worker-JM" [_thread_blocked, id=2428, stack(0x000000b5c0b00000,0x000000b5c0c00000)]
  0x00000270b2180800 JavaThread "Worker-0: Register Watchers" [_thread_blocked, id=11692, stack(0x000000b5c0e00000,0x000000b5c0f00000)]
  0x00000270b2125800 JavaThread "Worker-1: Initialize Workspace" [_thread_in_Java, id=2948, stack(0x000000b5c0f00000,0x000000b5c1000000)]
  0x00000270b1637000 JavaThread "Worker-2" [_thread_blocked, id=5584, stack(0x000000b5c1000000,0x000000b5c1100000)]
  0x00000270b2268800 JavaThread "Java indexing" daemon [_thread_blocked, id=13296, stack(0x000000b5c1100000,0x000000b5c1200000)]
  0x00000270b2269800 JavaThread "logback configurator timer" daemon [_thread_blocked, id=1236, stack(0x000000b5c1200000,0x000000b5c1300000)]
  0x00000270b226a000 JavaThread "pool-2-thread-1" [_thread_blocked, id=8488, stack(0x000000b5c1300000,0x000000b5c1400000)]
  0x00000270b226c800 JavaThread "Worker-3" [_thread_blocked, id=4004, stack(0x000000b5c1400000,0x000000b5c1500000)]
  0x00000270b226b000 JavaThread "Worker-4" [_thread_blocked, id=4564, stack(0x000000b5c1500000,0x000000b5c1600000)]

Other Threads:
  0x00000270af68b000 VMThread "VM Thread" [stack: 0x000000b5bf700000,0x000000b5bf800000] [id=12928]
  0x00000270b10cd000 WatcherThread [stack: 0x000000b5c0100000,0x000000b5c0200000] [id=1596]
  0x00000270955e2800 GCTaskThread "ParGC Thread#0" [stack: 0x000000b5bf600000,0x000000b5bf700000] [id=1480]
  0x00000270b13e0800 GCTaskThread "ParGC Thread#1" [stack: 0x000000b5c0600000,0x000000b5c0700000] [id=940]
  0x00000270b177f000 GCTaskThread "ParGC Thread#2" [stack: 0x000000b5c0700000,0x000000b5c0800000] [id=8472]
  0x00000270b163c800 GCTaskThread "ParGC Thread#3" [stack: 0x000000b5c0800000,0x000000b5c0900000] [id=11900]
  0x00000270b2186800 GCTaskThread "ParGC Thread#4" [stack: 0x000000b5c0c00000,0x000000b5c0d00000] [id=11944]
  0x00000270b2187000 GCTaskThread "ParGC Thread#5" [stack: 0x000000b5c0d00000,0x000000b5c0e00000] [id=12568]

Threads with active compile tasks:
C2 CompilerThread0   2544 3508       4       jdk.internal.jimage.ImageReader$SharedImageReader::makeDirectories (54 bytes)
C2 CompilerThread1   2544 3548       4       java.util.stream.StreamSpliterators$AbstractWrappingSpliterator::fillBuffer (64 bytes)

VM state:not at safepoint (normal execution)

VM Mutex/Monitor currently owned by a thread: None

Heap address: 0x00000000c0000000, size: 1024 MB, Compressed Oops mode: 32-bit
Narrow klass base: 0x0000000000000000, Narrow klass shift: 3
Compressed class space size: 1073741824 Address: 0x0000000100000000

Heap:
 PSYoungGen      total 29184K, used 6674K [0x00000000eab00000, 0x00000000ed100000, 0x0000000100000000)
  eden space 23552K, 4% used [0x00000000eab00000,0x00000000eac0bdd8,0x00000000ec200000)
  from space 5632K, 99% used [0x00000000ec280000,0x00000000ec7f8b38,0x00000000ec800000)
  to   space 7680K, 0% used [0x00000000ec980000,0x00000000ec980000,0x00000000ed100000)
 ParOldGen       total 68608K, used 14650K [0x00000000c0000000, 0x00000000c4300000, 0x00000000eab00000)
  object space 68608K, 21% used [0x00000000c0000000,0x00000000c0e4e9b0,0x00000000c4300000)
 Metaspace       used 35252K, capacity 37559K, committed 37632K, reserved 1083392K
  class space    used 3497K, capacity 4306K, committed 4352K, reserved 1048576K

Card table byte_map: [0x0000027094fc0000,0x00000270951d0000] _byte_map_base: 0x00000270949c0000

Marking Bits: (ParMarkBitMap*) 0x00007ffc64759320
 Begin Bits: [0x00000270accc0000, 0x00000270adcc0000)
 End Bits:   [0x00000270adcc0000, 0x00000270aecc0000)

Polling page: 0x0000027094db0000

Metaspace:

Usage:
  Non-class:     32.47 MB capacity,    31.01 MB ( 95%) used,     1.39 MB (  4%) free+waste,    78.44 KB ( <1%) overhead. 
      Class:      4.21 MB capacity,     3.42 MB ( 81%) used,   770.18 KB ( 18%) free+waste,    38.75 KB ( <1%) overhead. 
       Both:     36.68 MB capacity,    34.43 MB ( 94%) used,     2.14 MB (  6%) free+waste,   117.19 KB ( <1%) overhead. 

Virtual space:
  Non-class space:       34.00 MB reserved,      32.50 MB ( 96%) committed 
      Class space:        1.00 GB reserved,       4.25 MB ( <1%) committed 
             Both:        1.03 GB reserved,      36.75 MB (  3%) committed 

Chunk freelists:
   Non-Class:  27.00 KB
       Class:  14.00 KB
        Both:  41.00 KB

MaxMetaspaceSize: 17179869184.00 GB
CompressedClassSpaceSize: 1.00 GB

CodeHeap 'non-profiled nmethods': size=120064Kb used=1367Kb max_used=1367Kb free=118696Kb
 bounds [0x00000270a5780000, 0x00000270a59f0000, 0x00000270accc0000]
CodeHeap 'profiled nmethods': size=120000Kb used=7541Kb max_used=7541Kb free=112458Kb
 bounds [0x000002709e250000, 0x000002709e9b0000, 0x00000270a5780000]
CodeHeap 'non-nmethods': size=5696Kb used=1187Kb max_used=1215Kb free=4508Kb
 bounds [0x000002709dcc0000, 0x000002709df30000, 0x000002709e250000]
 total_blobs=4068 nmethods=3527 adapters=454
 compilation: enabled
              stopped_count=0, restarted_count=0
 full_count=0

Compilation events (20 events):
Event: 2.501 Thread 0x00000270af6b4800 3521       2       org.eclipse.core.runtime.Path::removeFirstSegments (94 bytes)
Event: 2.501 Thread 0x00000270af6b4800 nmethod 3521 0x000002709e9a8290 code [0x000002709e9a8480, 0x000002709e9a8978]
Event: 2.501 Thread 0x00000270af6b4800 3522       2       java.nio.HeapByteBuffer::ix (7 bytes)
Event: 2.501 Thread 0x00000270af6b4800 nmethod 3522 0x000002709e9a8b90 code [0x000002709e9a8d40, 0x000002709e9a8e38]
Event: 2.504 Thread 0x00000270af6b4800 3524       1       org.eclipse.core.runtime.Status::getCode (5 bytes)
Event: 2.504 Thread 0x00000270af6b4800 nmethod 3524 0x00000270a58cc810 code [0x00000270a58cc9c0, 0x00000270a58cca78]
Event: 2.507 Thread 0x00000270af6b4800 3526       2       org.eclipse.jdt.internal.core.AbstractClassFile::hashCode (18 bytes)
Event: 2.507 Thread 0x00000270af6b4800 nmethod 3526 0x000002709e9a8f10 code [0x000002709e9a90e0, 0x000002709e9a9238]
Event: 2.507 Thread 0x00000270af6b4800 3527       2       org.eclipse.jdt.core.compiler.CharOperation::equals (52 bytes)
Event: 2.507 Thread 0x00000270af6b4800 nmethod 3527 0x000002709e9a9310 code [0x000002709e9a94c0, 0x000002709e9a96f8]
Event: 2.507 Thread 0x00000270af6b4800 3528       2       org.eclipse.jdt.internal.core.PackageFragmentRoot::getPath (5 bytes)
Event: 2.507 Thread 0x00000270af6b4800 nmethod 3528 0x000002709e9a9810 code [0x000002709e9a99c0, 0x000002709e9a9ae8]
Event: 2.508 Thread 0x00000270af6b4800 3529       2       org.eclipse.jdt.internal.core.JavaElement::getAncestor (30 bytes)
Event: 2.508 Thread 0x00000270af6b4800 nmethod 3529 0x000002709e9a9b90 code [0x000002709e9a9d60, 0x000002709e9a9f68]
Event: 2.508 Thread 0x00000270af6b4800 3530       2       org.eclipse.core.internal.resources.Resource::getName (10 bytes)
Event: 2.509 Thread 0x00000270af6b4800 nmethod 3530 0x000002709e9aa090 code [0x000002709e9aa240, 0x000002709e9aa3b8]
Event: 2.509 Thread 0x00000270af6b4800 3531   !   2       org.eclipse.jdt.internal.core.JavaModelManager::getPerProjectInfo (62 bytes)
Event: 2.509 Thread 0x00000270af6b4800 nmethod 3531 0x000002709e9aa510 code [0x000002709e9aa700, 0x000002709e9aaae8]
Event: 2.509 Thread 0x00000270af6b4800 3532       2       org.eclipse.core.internal.resources.Project::isOpen (17 bytes)
Event: 2.509 Thread 0x00000270af6b4800 nmethod 3532 0x000002709e9aad10 code [0x000002709e9aaec0, 0x000002709e9aaff8]

GC Heap History (16 events):
Event: 0.583 GC heap before
{Heap before GC invocations=1 (full 0):
 PSYoungGen      total 29696K, used 25600K [0x00000000eab00000, 0x00000000ecc00000, 0x0000000100000000)
  eden space 25600K, 100% used [0x00000000eab00000,0x00000000ec400000,0x00000000ec400000)
  from space 4096K, 0% used [0x00000000ec800000,0x00000000ec800000,0x00000000ecc00000)
  to   space 4096K, 0% used [0x00000000ec400000,0x00000000ec400000,0x00000000ec800000)
 ParOldGen       total 68608K, used 0K [0x00000000c0000000, 0x00000000c4300000, 0x00000000eab00000)
  object space 68608K, 0% used [0x00000000c0000000,0x00000000c0000000,0x00000000c4300000)
 Metaspace       used 13094K, capacity 13374K, committed 13696K, reserved 1060864K
  class space    used 1205K, capacity 1287K, committed 1408K, reserved 1048576K
}
Event: 0.588 GC heap after
{Heap after GC invocations=1 (full 0):
 PSYoungGen      total 29696K, used 4093K [0x00000000eab00000, 0x00000000ecc00000, 0x0000000100000000)
  eden space 25600K, 0% used [0x00000000eab00000,0x00000000eab00000,0x00000000ec400000)
  from space 4096K, 99% used [0x00000000ec400000,0x00000000ec7ff658,0x00000000ec800000)
  to   space 4096K, 0% used [0x00000000ec800000,0x00000000ec800000,0x00000000ecc00000)
 ParOldGen       total 68608K, used 416K [0x00000000c0000000, 0x00000000c4300000, 0x00000000eab00000)
  object space 68608K, 0% used [0x00000000c0000000,0x00000000c0068000,0x00000000c4300000)
 Metaspace       used 13094K, capacity 13374K, committed 13696K, reserved 1060864K
  class space    used 1205K, capacity 1287K, committed 1408K, reserved 1048576K
}
Event: 0.964 GC heap before
{Heap before GC invocations=2 (full 0):
 PSYoungGen      total 29696K, used 20157K [0x00000000eab00000, 0x00000000ecc00000, 0x0000000100000000)
  eden space 25600K, 62% used [0x00000000eab00000,0x00000000ebaaff00,0x00000000ec400000)
  from space 4096K, 99% used [0x00000000ec400000,0x00000000ec7ff658,0x00000000ec800000)
  to   space 4096K, 0% used [0x00000000ec800000,0x00000000ec800000,0x00000000ecc00000)
 ParOldGen       total 68608K, used 416K [0x00000000c0000000, 0x00000000c4300000, 0x00000000eab00000)
  object space 68608K, 0% used [0x00000000c0000000,0x00000000c0068000,0x00000000c4300000)
 Metaspace       used 20213K, capacity 21188K, committed 21248K, reserved 1069056K
  class space    used 1927K, capacity 2298K, committed 2304K, reserved 1048576K
}
Event: 0.970 GC heap after
{Heap after GC invocations=2 (full 0):
 PSYoungGen      total 29696K, used 4079K [0x00000000eab00000, 0x00000000ecc00000, 0x0000000100000000)
  eden space 25600K, 0% used [0x00000000eab00000,0x00000000eab00000,0x00000000ec400000)
  from space 4096K, 99% used [0x00000000ec800000,0x00000000ecbfbef0,0x00000000ecc00000)
  to   space 4096K, 0% used [0x00000000ec400000,0x00000000ec400000,0x00000000ec800000)
 ParOldGen       total 68608K, used 2545K [0x00000000c0000000, 0x00000000c4300000, 0x00000000eab00000)
  object space 68608K, 3% used [0x00000000c0000000,0x00000000c027c568,0x00000000c4300000)
 Metaspace       used 20213K, capacity 21188K, committed 21248K, reserved 1069056K
  class space    used 1927K, capacity 2298K, committed 2304K, reserved 1048576K
}
Event: 0.970 GC heap before
{Heap before GC invocations=3 (full 1):
 PSYoungGen      total 29696K, used 4079K [0x00000000eab00000, 0x00000000ecc00000, 0x0000000100000000)
  eden space 25600K, 0% used [0x00000000eab00000,0x00000000eab00000,0x00000000ec400000)
  from space 4096K, 99% used [0x00000000ec800000,0x00000000ecbfbef0,0x00000000ecc00000)
  to   space 4096K, 0% used [0x00000000ec400000,0x00000000ec400000,0x00000000ec800000)
 ParOldGen       total 68608K, used 2545K [0x00000000c0000000, 0x00000000c4300000, 0x00000000eab00000)
  object space 68608K, 3% used [0x00000000c0000000,0x00000000c027c568,0x00000000c4300000)
 Metaspace       used 20213K, capacity 21188K, committed 21248K, reserved 1069056K
  class space    used 1927K, capacity 2298K, committed 2304K, reserved 1048576K
}
Event: 0.998 GC heap after
{Heap after GC invocations=3 (full 1):
 PSYoungGen      total 29696K, used 0K [0x00000000eab00000, 0x00000000ecc00000, 0x0000000100000000)
  eden space 25600K, 0% used [0x00000000eab00000,0x00000000eab00000,0x00000000ec400000)
  from space 4096K, 0% used [0x00000000ec800000,0x00000000ec800000,0x00000000ecc00000)
  to   space 4096K, 0% used [0x00000000ec400000,0x00000000ec400000,0x00000000ec800000)
 ParOldGen       total 68608K, used 6554K [0x00000000c0000000, 0x00000000c4300000, 0x00000000eab00000)
  object space 68608K, 9% used [0x00000000c0000000,0x00000000c06669c0,0x00000000c4300000)
 Metaspace       used 20213K, capacity 21188K, committed 21248K, reserved 1069056K
  class space    used 1927K, capacity 2298K, committed 2304K, reserved 1048576K
}
Event: 1.475 GC heap before
{Heap before GC invocations=4 (full 1):
 PSYoungGen      total 29696K, used 25600K [0x00000000eab00000, 0x00000000ecc00000, 0x0000000100000000)
  eden space 25600K, 100% used [0x00000000eab00000,0x00000000ec400000,0x00000000ec400000)
  from space 4096K, 0% used [0x00000000ec800000,0x00000000ec800000,0x00000000ecc00000)
  to   space 4096K, 0% used [0x00000000ec400000,0x00000000ec400000,0x00000000ec800000)
 ParOldGen       total 68608K, used 6554K [0x00000000c0000000, 0x00000000c4300000, 0x00000000eab00000)
  object space 68608K, 9% used [0x00000000c0000000,0x00000000c06669c0,0x00000000c4300000)
 Metaspace       used 25641K, capacity 26997K, committed 27264K, reserved 1073152K
  class space    used 2391K, capacity 2876K, committed 2944K, reserved 1048576K
}
Event: 1.477 GC heap after
{Heap after GC invocations=4 (full 1):
 PSYoungGen      total 29696K, used 2955K [0x00000000eab00000, 0x00000000ecc00000, 0x0000000100000000)
  eden space 25600K, 0% used [0x00000000eab00000,0x00000000eab00000,0x00000000ec400000)
  from space 4096K, 72% used [0x00000000ec400000,0x00000000ec6e2f20,0x00000000ec800000)
  to   space 4096K, 0% used [0x00000000ec800000,0x00000000ec800000,0x00000000ecc00000)
 ParOldGen       total 68608K, used 6570K [0x00000000c0000000, 0x00000000c4300000, 0x00000000eab00000)
  object space 68608K, 9% used [0x00000000c0000000,0x00000000c066a9d8,0x00000000c4300000)
 Metaspace       used 25641K, capacity 26997K, committed 27264K, reserved 1073152K
  class space    used 2391K, capacity 2876K, committed 2944K, reserved 1048576K
}
Event: 2.162 GC heap before
{Heap before GC invocations=5 (full 1):
 PSYoungGen      total 29696K, used 28476K [0x00000000eab00000, 0x00000000ecc00000, 0x0000000100000000)
  eden space 25600K, 99% used [0x00000000eab00000,0x00000000ec3ec398,0x00000000ec400000)
  from space 4096K, 72% used [0x00000000ec400000,0x00000000ec6e2f20,0x00000000ec800000)
  to   space 4096K, 0% used [0x00000000ec800000,0x00000000ec800000,0x00000000ecc00000)
 ParOldGen       total 68608K, used 6570K [0x00000000c0000000, 0x00000000c4300000, 0x00000000eab00000)
  object space 68608K, 9% used [0x00000000c0000000,0x00000000c066a9d8,0x00000000c4300000)
 Metaspace       used 33041K, capacity 35247K, committed 35328K, reserved 1081344K
  class space    used 3276K, capacity 4049K, committed 4096K, reserved 1048576K
}
Event: 2.166 GC heap after
{Heap after GC invocations=5 (full 1):
 PSYoungGen      total 29696K, used 4068K [0x00000000eab00000, 0x00000000ecc00000, 0x0000000100000000)
  eden space 25600K, 0% used [0x00000000eab00000,0x00000000eab00000,0x00000000ec400000)
  from space 4096K, 99% used [0x00000000ec800000,0x00000000ecbf9310,0x00000000ecc00000)
  to   space 4096K, 0% used [0x00000000ec400000,0x00000000ec400000,0x00000000ec800000)
 ParOldGen       total 68608K, used 8891K [0x00000000c0000000, 0x00000000c4300000, 0x00000000eab00000)
  object space 68608K, 12% used [0x00000000c0000000,0x00000000c08aee98,0x00000000c4300000)
 Metaspace       used 33041K, capacity 35247K, committed 35328K, reserved 1081344K
  class space    used 3276K, capacity 4049K, committed 4096K, reserved 1048576K
}
Event: 2.166 GC heap before
{Heap before GC invocations=6 (full 2):
 PSYoungGen      total 29696K, used 4068K [0x00000000eab00000, 0x00000000ecc00000, 0x0000000100000000)
  eden space 25600K, 0% used [0x00000000eab00000,0x00000000eab00000,0x00000000ec400000)
  from space 4096K, 99% used [0x00000000ec800000,0x00000000ecbf9310,0x00000000ecc00000)
  to   space 4096K, 0% used [0x00000000ec400000,0x00000000ec400000,0x00000000ec800000)
 ParOldGen       total 68608K, used 8891K [0x00000000c0000000, 0x00000000c4300000, 0x00000000eab00000)
  object space 68608K, 12% used [0x00000000c0000000,0x00000000c08aee98,0x00000000c4300000)
 Metaspace       used 33041K, capacity 35247K, committed 35328K, reserved 1081344K
  class space    used 3276K, capacity 4049K, committed 4096K, reserved 1048576K
}
Event: 2.224 GC heap after
{Heap after GC invocations=6 (full 2):
 PSYoungGen      total 29696K, used 0K [0x00000000eab00000, 0x00000000ecc00000, 0x0000000100000000)
  eden space 25600K, 0% used [0x00000000eab00000,0x00000000eab00000,0x00000000ec400000)
  from space 4096K, 0% used [0x00000000ec800000,0x00000000ec800000,0x00000000ecc00000)
  to   space 4096K, 0% used [0x00000000ec400000,0x00000000ec400000,0x00000000ec800000)
 ParOldGen       total 68608K, used 12812K [0x00000000c0000000, 0x00000000c4300000, 0x00000000eab00000)
  object space 68608K, 18% used [0x00000000c0000000,0x00000000c0c833a8,0x00000000c4300000)
 Metaspace       used 33041K, capacity 35247K, committed 35328K, reserved 1081344K
  class space    used 3276K, capacity 4049K, committed 4096K, reserved 1048576K
}
Event: 2.438 GC heap before
{Heap before GC invocations=7 (full 2):
 PSYoungGen      total 29696K, used 25600K [0x00000000eab00000, 0x00000000ecc00000, 0x0000000100000000)
  eden space 25600K, 100% used [0x00000000eab00000,0x00000000ec400000,0x00000000ec400000)
  from space 4096K, 0% used [0x00000000ec800000,0x00000000ec800000,0x00000000ecc00000)
  to   space 4096K, 0% used [0x00000000ec400000,0x00000000ec400000,0x00000000ec800000)
 ParOldGen       total 68608K, used 12812K [0x00000000c0000000, 0x00000000c4300000, 0x00000000eab00000)
  object space 68608K, 18% used [0x00000000c0000000,0x00000000c0c833a8,0x00000000c4300000)
 Metaspace       used 35086K, capacity 37430K, committed 37632K, reserved 1083392K
  class space    used 3491K, capacity 4306K, committed 4352K, reserved 1048576K
}
Event: 2.440 GC heap after
{Heap after GC invocations=7 (full 2):
 PSYoungGen      total 29184K, used 3037K [0x00000000eab00000, 0x00000000ecc80000, 0x0000000100000000)
  eden space 25088K, 0% used [0x00000000eab00000,0x00000000eab00000,0x00000000ec380000)
  from space 4096K, 74% used [0x00000000ec400000,0x00000000ec6f7618,0x00000000ec800000)
  to   space 4608K, 0% used [0x00000000ec800000,0x00000000ec800000,0x00000000ecc80000)
 ParOldGen       total 68608K, used 12820K [0x00000000c0000000, 0x00000000c4300000, 0x00000000eab00000)
  object space 68608K, 18% used [0x00000000c0000000,0x00000000c0c853a8,0x00000000c4300000)
 Metaspace       used 35086K, capacity 37430K, committed 37632K, reserved 1083392K
  class space    used 3491K, capacity 4306K, committed 4352K, reserved 1048576K
}
Event: 2.488 GC heap before
{Heap before GC invocations=8 (full 2):
 PSYoungGen      total 29184K, used 28125K [0x00000000eab00000, 0x00000000ecc80000, 0x0000000100000000)
  eden space 25088K, 100% used [0x00000000eab00000,0x00000000ec380000,0x00000000ec380000)
  from space 4096K, 74% used [0x00000000ec400000,0x00000000ec6f7618,0x00000000ec800000)
  to   space 4608K, 0% used [0x00000000ec800000,0x00000000ec800000,0x00000000ecc80000)
 ParOldGen       total 68608K, used 12820K [0x00000000c0000000, 0x00000000c4300000, 0x00000000eab00000)
  object space 68608K, 18% used [0x00000000c0000000,0x00000000c0c853a8,0x00000000c4300000)
 Metaspace       used 35162K, capacity 37495K, committed 37632K, reserved 1083392K
  class space    used 3493K, capacity 4306K, committed 4352K, reserved 1048576K
}
Event: 2.492 GC heap after
{Heap after GC invocations=8 (full 2):
 PSYoungGen      total 28672K, used 4605K [0x00000000eab00000, 0x00000000ece00000, 0x0000000100000000)
  eden space 24064K, 0% used [0x00000000eab00000,0x00000000eab00000,0x00000000ec280000)
  from space 4608K, 99% used [0x00000000ec800000,0x00000000ecc7f608,0x00000000ecc80000)
  to   space 5632K, 0% used [0x00000000ec280000,0x00000000ec280000,0x00000000ec800000)
 ParOldGen       total 68608K, used 13412K [0x00000000c0000000, 0x00000000c4300000, 0x00000000eab00000)
  object space 68608K, 19% used [0x00000000c0000000,0x00000000c0d193b8,0x00000000c4300000)
 Metaspace       used 35162K, capacity 37495K, committed 37632K, reserved 1083392K
  class space    used 3493K, capacity 4306K, committed 4352K, reserved 1048576K
}

Deoptimization events (20 events):
Event: 2.411 Thread 0x00000270b2125800 DEOPT PACKING pc=0x000002709e96c098 sp=0x000000b5c0ffdb70
Event: 2.411 Thread 0x00000270b2125800 DEOPT UNPACKING pc=0x000002709dce6ece sp=0x000000b5c0ffd080 mode 0
Event: 2.411 Thread 0x00000270b2125800 DEOPT PACKING pc=0x000002709e96c098 sp=0x000000b5c0ffdd80
Event: 2.411 Thread 0x00000270b2125800 DEOPT UNPACKING pc=0x000002709dce6ece sp=0x000000b5c0ffd290 mode 0
Event: 2.411 Thread 0x00000270b2125800 DEOPT PACKING pc=0x000002709e96c098 sp=0x000000b5c0ffdb70
Event: 2.411 Thread 0x00000270b2125800 DEOPT UNPACKING pc=0x000002709dce6ece sp=0x000000b5c0ffd080 mode 0
Event: 2.412 Thread 0x00000270b2125800 DEOPT PACKING pc=0x000002709e96c098 sp=0x000000b5c0ffdb70
Event: 2.412 Thread 0x00000270b2125800 DEOPT UNPACKING pc=0x000002709dce6ece sp=0x000000b5c0ffd080 mode 0
Event: 2.412 Thread 0x00000270b2125800 DEOPT PACKING pc=0x000002709e96c098 sp=0x000000b5c0ffdd80
Event: 2.412 Thread 0x00000270b2125800 DEOPT UNPACKING pc=0x000002709dce6ece sp=0x000000b5c0ffd290 mode 0
Event: 2.413 Thread 0x00000270b2125800 DEOPT PACKING pc=0x000002709e96c098 sp=0x000000b5c0ffdd80
Event: 2.413 Thread 0x00000270b2125800 DEOPT UNPACKING pc=0x000002709dce6ece sp=0x000000b5c0ffd290 mode 0
Event: 2.413 Thread 0x00000270b2125800 DEOPT PACKING pc=0x000002709e96c098 sp=0x000000b5c0ffdb70
Event: 2.413 Thread 0x00000270b2125800 DEOPT UNPACKING pc=0x000002709dce6ece sp=0x000000b5c0ffd080 mode 0
Event: 2.414 Thread 0x00000270b2125800 DEOPT PACKING pc=0x000002709e96c098 sp=0x000000b5c0ffdd80
Event: 2.414 Thread 0x00000270b2125800 DEOPT UNPACKING pc=0x000002709dce6ece sp=0x000000b5c0ffd290 mode 0
Event: 2.414 Thread 0x00000270b2125800 DEOPT PACKING pc=0x000002709e96c098 sp=0x000000b5c0ffdb70
Event: 2.414 Thread 0x00000270b2125800 DEOPT UNPACKING pc=0x000002709dce6ece sp=0x000000b5c0ffd080 mode 0
Event: 2.415 Thread 0x00000270b2125800 DEOPT PACKING pc=0x000002709e96c098 sp=0x000000b5c0ffdd80
Event: 2.415 Thread 0x00000270b2125800 DEOPT UNPACKING pc=0x000002709dce6ece sp=0x000000b5c0ffd290 mode 0

Classes redefined (0 events):
No events

Internal exceptions (20 events):
Event: 1.228 Thread 0x00000270b163b800 Exception <a 'java/lang/ClassNotFoundException'{0x00000000ebc1f958}: com/sun/org/apache/xerces/internal/impl/msg/spi/XMLMessagesProvider> (0x00000000ebc1f958) thrown at [./src/hotspot/share/classfile/systemDictionary.cpp, line 231]
Event: 1.333 Thread 0x00000270b163b800 Exception <a 'sun/nio/fs/WindowsException'{0x00000000ec034830}> (0x00000000ec034830) thrown at [./src/hotspot/share/prims/jni.cpp, line 615]
Event: 1.375 Thread 0x00000270b163b800 Exception <a 'java/lang/ClassNotFoundException'{0x00000000ec115440}: com/sun/org/apache/xml/internal/serializer/spi/XMLEntitiesProvider> (0x00000000ec115440) thrown at [./src/hotspot/share/classfile/systemDictionary.cpp, line 231]
Event: 1.624 Thread 0x00000270b163b800 Exception <a 'java/lang/NoSuchMethodError'{0x00000000eaecaa68}: 'void java.lang.invoke.DirectMethodHandle$Holder.invokeSpecial(java.lang.Object, java.lang.Object, java.lang.Object, int)'> (0x00000000eaecaa68) thrown at [./src/hotspot/share/interpreter/linkResolver.cpp, line 773]
Event: 1.669 Thread 0x00000270b163b800 Exception <a 'java/lang/NoSuchMethodError'{0x00000000eb078ad0}: <clinit>> (0x00000000eb078ad0) thrown at [./src/hotspot/share/prims/jni.cpp, line 1362]
Event: 1.671 Thread 0x00000270b163b800 Exception <a 'java/lang/NoSuchMethodError'{0x00000000eb0a6068}: <clinit>> (0x00000000eb0a6068) thrown at [./src/hotspot/share/prims/jni.cpp, line 1362]
Event: 1.792 Thread 0x00000270b163b800 Implicit null exception at 0x00000270a584d202 to 0x00000270a584e038
Event: 1.792 Thread 0x00000270b163b800 Implicit null exception at 0x00000270a584fa93 to 0x00000270a5850094
Event: 1.860 Thread 0x00000270955ce800 Exception <a 'java/lang/NoSuchMethodError'{0x00000000eb7d54a8}: 'void java.lang.invoke.DirectMethodHandle$Holder.invokeStatic(java.lang.Object, java.lang.Object, java.lang.Object, java.lang.Object)'> (0x00000000eb7d54a8) thrown at [./src/hotspot/share/interpreter/linkResolver.cpp, line 773]
Event: 2.004 Thread 0x00000270b226a000 Exception <a 'java/io/FileNotFoundException'{0x00000000ebe1d500}> (0x00000000ebe1d500) thrown at [./src/hotspot/share/prims/jni.cpp, line 615]
Event: 2.075 Thread 0x00000270b226a000 Exception <a 'java/lang/NoSuchMethodError'{0x00000000ec0ca968}: 'void java.lang.invoke.DirectMethodHandle$Holder.invokeStatic(java.lang.Object, java.lang.Object, java.lang.Object, java.lang.Object, java.lang.Object, java.lang.Object)'> (0x00000000ec0ca968) thrown at [./src/hotspot/share/interpreter/linkResolver.cpp, line 773]
Event: 2.096 Thread 0x00000270b2125800 Exception <a 'java/lang/NoSuchMethodError'{0x00000000ec1f6be8}: 'int java.lang.invoke.DirectMethodHandle$Holder.invokeInterface(java.lang.Object, java.lang.Object)'> (0x00000000ec1f6be8) thrown at [./src/hotspot/share/interpreter/linkResolver.cpp, line 773]
Event: 2.097 Thread 0x00000270b2125800 Exception <a 'java/lang/IncompatibleClassChangeError'{0x00000000ec1f96d8}: Found class java.lang.Object, but interface was expected> (0x00000000ec1f96d8) thrown at [./src/hotspot/share/interpreter/linkResolver.cpp, line 839]
Event: 2.111 Thread 0x00000270b2125800 Exception <a 'java/io/FileNotFoundException'{0x00000000ec29e278}> (0x00000000ec29e278) thrown at [./src/hotspot/share/prims/jni.cpp, line 615]
Event: 2.121 Thread 0x00000270b2125800 Exception <a 'java/io/FileNotFoundException'{0x00000000ec2dc990}> (0x00000000ec2dc990) thrown at [./src/hotspot/share/prims/jni.cpp, line 615]
Event: 2.132 Thread 0x00000270b2125800 Exception <a 'java/io/FileNotFoundException'{0x00000000ec310020}> (0x00000000ec310020) thrown at [./src/hotspot/share/prims/jni.cpp, line 615]
Event: 2.233 Thread 0x00000270b1637000 Exception <a 'java/lang/NoSuchMethodError'{0x00000000eab7a730}: 'org.slf4j.impl.StaticMDCBinder org.slf4j.impl.StaticMDCBinder.getSingleton()'> (0x00000000eab7a730) thrown at [./src/hotspot/share/interpreter/linkResolver.cpp, line 773]
Event: 2.425 Thread 0x00000270b2125800 Exception <a 'java/io/FileNotFoundException'{0x00000000ebe9d440}> (0x00000000ebe9d440) thrown at [./src/hotspot/share/prims/jni.cpp, line 615]
Event: 2.425 Thread 0x00000270b2125800 Exception <a 'java/io/FileNotFoundException'{0x00000000ebe9f028}> (0x00000000ebe9f028) thrown at [./src/hotspot/share/prims/jni.cpp, line 615]
Event: 2.426 Thread 0x00000270b2125800 Exception <a 'java/lang/NoSuchMethodError'{0x00000000ebea79c0}: 'void java.lang.invoke.DirectMethodHandle$Holder.invokeStaticInit(java.lang.Object, java.lang.Object, java.lang.Object)'> (0x00000000ebea79c0) thrown at [./src/hotspot/share/interpreter/linkResolver.cpp, line 773]

Events (20 events):
Event: 2.426 loading class org/eclipse/core/runtime/preferences/IEclipsePreferences
Event: 2.426 loading class org/eclipse/core/runtime/preferences/IEclipsePreferences done
Event: 2.426 Executing VM operation: RevokeBias
Event: 2.426 Executing VM operation: RevokeBias done
Event: 2.426 loading class org/eclipse/osgi/service/debug/DebugOptions
Event: 2.426 loading class org/eclipse/osgi/service/debug/DebugOptions done
Event: 2.427 loading class org/eclipse/osgi/service/debug/DebugOptions
Event: 2.427 loading class org/eclipse/osgi/service/debug/DebugOptions done
Event: 2.427 loading class org/eclipse/core/runtime/ServiceCaller$ReferenceAndService
Event: 2.427 loading class org/eclipse/core/runtime/ServiceCaller$ReferenceAndService done
Event: 2.427 Executing VM operation: RevokeBias
Event: 2.427 Executing VM operation: RevokeBias done
Event: 2.438 Executing VM operation: ParallelGCFailedAllocation
Event: 2.440 Executing VM operation: ParallelGCFailedAllocation done
Event: 2.440 Executing VM operation: RevokeBias
Event: 2.440 Executing VM operation: RevokeBias done
Event: 2.440 Executing VM operation: RevokeBias
Event: 2.440 Executing VM operation: RevokeBias done
Event: 2.488 Executing VM operation: ParallelGCFailedAllocation
Event: 2.492 Executing VM operation: ParallelGCFailedAllocation done


Dynamic libraries:
0x00007ff77e1f0000 - 0x00007ff77e1fd000 	C:\Program Files\Amazon Corretto\jdk11.0.10_9\bin\java.exe
0x00007ffca8e70000 - 0x00007ffca9065000 	C:\Windows\SYSTEM32\ntdll.dll
0x00007ffca7d90000 - 0x00007ffca7e4d000 	C:\Windows\System32\KERNEL32.DLL
0x00007ffca68c0000 - 0x00007ffca6b88000 	C:\Windows\System32\KERNELBASE.dll
0x00007ffca6710000 - 0x00007ffca6810000 	C:\Windows\System32\ucrtbase.dll
0x00007ffc75f70000 - 0x00007ffc75f87000 	C:\Program Files\Amazon Corretto\jdk11.0.10_9\bin\jli.dll
0x00007ffc75a20000 - 0x00007ffc75a35000 	C:\Program Files\Amazon Corretto\jdk11.0.10_9\bin\VCRUNTIME140.dll
0x00007ffca8920000 - 0x00007ffca8ac0000 	C:\Windows\System32\USER32.dll
0x00007ffca6c70000 - 0x00007ffca6c92000 	C:\Windows\System32\win32u.dll
0x00007ffca8b20000 - 0x00007ffca8b4a000 	C:\Windows\System32\GDI32.dll
0x00007ffc932f0000 - 0x00007ffc9358a000 	C:\Windows\WinSxS\amd64_microsoft.windows.common-controls_6595b64144ccf1df_6.0.19041.844_none_ca00b6081b84eb1d\COMCTL32.dll
0x00007ffca6ca0000 - 0x00007ffca6dab000 	C:\Windows\System32\gdi32full.dll
0x00007ffca7990000 - 0x00007ffca7a2e000 	C:\Windows\System32\msvcrt.dll
0x00007ffca6e30000 - 0x00007ffca6ecd000 	C:\Windows\System32\msvcp_win.dll
0x00007ffca8d10000 - 0x00007ffca8d40000 	C:\Windows\System32\IMM32.DLL
0x00007ffc68e90000 - 0x00007ffc68f2b000 	C:\Program Files\Amazon Corretto\jdk11.0.10_9\bin\msvcp140.dll
0x00007ffc63cd0000 - 0x00007ffc64817000 	C:\Program Files\Amazon Corretto\jdk11.0.10_9\bin\server\jvm.dll
0x00007ffca7ce0000 - 0x00007ffca7d8c000 	C:\Windows\System32\ADVAPI32.dll
0x00007ffca7a90000 - 0x00007ffca7b2b000 	C:\Windows\System32\sechost.dll
0x00007ffca8b50000 - 0x00007ffca8c7b000 	C:\Windows\System32\RPCRT4.dll
0x00007ffca7f80000 - 0x00007ffca7f88000 	C:\Windows\System32\PSAPI.DLL
0x00007ffc965e0000 - 0x00007ffc96607000 	C:\Windows\SYSTEM32\WINMM.dll
0x00007ffc92c10000 - 0x00007ffc92c19000 	C:\Windows\SYSTEM32\WSOCK32.dll
0x00007ffca8d40000 - 0x00007ffca8dab000 	C:\Windows\System32\WS2_32.dll
0x00007ffca0de0000 - 0x00007ffca0dea000 	C:\Windows\SYSTEM32\VERSION.dll
0x00007ffca44d0000 - 0x00007ffca44e2000 	C:\Windows\SYSTEM32\kernel.appcore.dll
0x00007ffc927f0000 - 0x00007ffc92800000 	C:\Program Files\Amazon Corretto\jdk11.0.10_9\bin\verify.dll
0x00007ffc94210000 - 0x00007ffc943f4000 	C:\Windows\SYSTEM32\DBGHELP.DLL
0x00007ffc94000000 - 0x00007ffc9402c000 	C:\Windows\SYSTEM32\dbgcore.DLL
0x00007ffca6db0000 - 0x00007ffca6e30000 	C:\Windows\System32\bcryptPrimitives.dll
0x00007ffc71e90000 - 0x00007ffc71eb8000 	C:\Program Files\Amazon Corretto\jdk11.0.10_9\bin\java.dll
0x00007ffc92750000 - 0x00007ffc9275a000 	C:\Program Files\Amazon Corretto\jdk11.0.10_9\bin\jimage.dll
0x00007ffc71e70000 - 0x00007ffc71e87000 	C:\Program Files\Amazon Corretto\jdk11.0.10_9\bin\zip.dll
0x00007ffca7230000 - 0x00007ffca7972000 	C:\Windows\System32\SHELL32.dll
0x00007ffca46d0000 - 0x00007ffca4e61000 	C:\Windows\SYSTEM32\windows.storage.dll
0x00007ffca6ed0000 - 0x00007ffca7225000 	C:\Windows\System32\combase.dll
0x00007ffca5f50000 - 0x00007ffca5f7c000 	C:\Windows\SYSTEM32\Wldp.dll
0x00007ffca8130000 - 0x00007ffca81de000 	C:\Windows\System32\SHCORE.dll
0x00007ffca7a30000 - 0x00007ffca7a85000 	C:\Windows\System32\shlwapi.dll
0x00007ffca64f0000 - 0x00007ffca650f000 	C:\Windows\SYSTEM32\profapi.dll
0x00007ffc71e50000 - 0x00007ffc71e69000 	C:\Program Files\Amazon Corretto\jdk11.0.10_9\bin\net.dll
0x00007ffc9ecd0000 - 0x00007ffc9eddb000 	C:\Windows\SYSTEM32\WINHTTP.dll
0x00007ffca5cc0000 - 0x00007ffca5d2a000 	C:\Windows\system32\mswsock.dll
0x00007ffc6dc10000 - 0x00007ffc6dc22000 	C:\Program Files\Amazon Corretto\jdk11.0.10_9\bin\nio.dll
0x00007ffca5f90000 - 0x00007ffca5fa8000 	C:\Windows\SYSTEM32\CRYPTSP.dll
0x00007ffca5620000 - 0x00007ffca5654000 	C:\Windows\system32\rsaenh.dll
0x00007ffca6c40000 - 0x00007ffca6c67000 	C:\Windows\System32\bcrypt.dll
0x00007ffca64b0000 - 0x00007ffca64de000 	C:\Windows\SYSTEM32\USERENV.dll
0x00007ffca5eb0000 - 0x00007ffca5ebc000 	C:\Windows\SYSTEM32\CRYPTBASE.dll
0x00007ffca5970000 - 0x00007ffca59ab000 	C:\Windows\SYSTEM32\IPHLPAPI.DLL
0x00007ffca80a0000 - 0x00007ffca80a8000 	C:\Windows\System32\NSI.dll
0x00007ffca0fd0000 - 0x00007ffca0fe7000 	C:\Windows\SYSTEM32\dhcpcsvc6.DLL
0x00007ffca0fb0000 - 0x00007ffca0fcd000 	C:\Windows\SYSTEM32\dhcpcsvc.DLL
0x00007ffca5a10000 - 0x00007ffca5adc000 	C:\Windows\SYSTEM32\DNSAPI.dll
0x00007ffc6be30000 - 0x00007ffc6be59000 	C:\Users\Lokesh M\AppData\Roaming\Code\User\globalStorage\redhat.java\0.77.0\config_win\org.eclipse.equinox.launcher\org.eclipse.equinox.launcher.win32.win32.x86_64_1.2.100.v20210209-1541\eclipse_11301.dll
0x00007ffc6be70000 - 0x00007ffc6be81000 	C:\Users\Lokesh M\AppData\Roaming\Code\User\globalStorage\redhat.java\0.77.0\config_win\org.eclipse.osgi\23\0\.cp\jWinHttp-1.0.0.dll
0x00007ffca7e50000 - 0x00007ffca7f7a000 	C:\Windows\System32\ole32.dll

dbghelp: loaded successfully - version: 4.0.5 - missing functions: none
symbol engine: initialized successfully - sym options: 0x614 - pdb path: .;C:\Program Files\Amazon Corretto\jdk11.0.10_9\bin;C:\Windows\SYSTEM32;C:\Windows\WinSxS\amd64_microsoft.windows.common-controls_6595b64144ccf1df_6.0.19041.844_none_ca00b6081b84eb1d;C:\Program Files\Amazon Corretto\jdk11.0.10_9\bin\server;C:\Users\Lokesh M\AppData\Roaming\Code\User\globalStorage\redhat.java\0.77.0\config_win\org.eclipse.equinox.launcher\org.eclipse.equinox.launcher.win32.win32.x86_64_1.2.100.v20210209-1541;C:\Users\Lokesh M\AppData\Roaming\Code\User\globalStorage\redhat.java\0.77.0\config_win\org.eclipse.osgi\23\0\.cp

VM Arguments:
jvm_args: --add-modules=ALL-SYSTEM --add-opens=java.base/java.util=ALL-UNNAMED --add-opens=java.base/java.lang=ALL-UNNAMED -Declipse.application=org.eclipse.jdt.ls.core.id1 -Dosgi.bundles.defaultStartLevel=4 -Declipse.product=org.eclipse.jdt.ls.core.product -Dfile.encoding=utf8 -DwatchParentProcess=false -XX:+UseParallelGC -XX:GCTimeRatio=4 -XX:AdaptiveSizePolicyWeight=90 -Dsun.zip.disableMemoryMapping=true -Xmx1G -Xms100m -Xverify:none 
java_command: c:\Users\Lokesh M\.vscode\extensions\redhat.java-0.77.0\server\plugins\org.eclipse.equinox.launcher_1.6.100.v20201223-0822.jar -configuration c:\Users\Lokesh M\AppData\Roaming\Code\User\globalStorage\redhat.java\0.77.0\config_win -data c:\Users\Lokesh M\AppData\Roaming\Code\User\workspaceStorage\25ca71ff52e3138b1cc81c284389aca1\redhat.java\jdt_ws
java_class_path (initial): c:\Users\Lokesh M\.vscode\extensions\redhat.java-0.77.0\server\plugins\org.eclipse.equinox.launcher_1.6.100.v20201223-0822.jar
Launcher Type: SUN_STANDARD

[Global flags]
    uintx AdaptiveSizePolicyWeight                 = 90                                        {product} {command line}
     bool BytecodeVerificationLocal                = false                                     {product} {command line}
     bool BytecodeVerificationRemote               = false                                     {product} {command line}
     intx CICompilerCount                          = 3                                         {product} {ergonomic}
    uintx GCTimeRatio                              = 4                                         {product} {command line}
   size_t InitialHeapSize                          = 104857600                                 {product} {command line}
   size_t MaxHeapSize                              = 1073741824                                {product} {command line}
   size_t MaxNewSize                               = 357564416                                 {product} {ergonomic}
   size_t MinHeapDeltaBytes                        = 524288                                    {product} {ergonomic}
   size_t NewSize                                  = 34603008                                  {product} {ergonomic}
    uintx NonNMethodCodeHeapSize                   = 5830732                                {pd product} {ergonomic}
    uintx NonProfiledCodeHeapSize                  = 122913754                              {pd product} {ergonomic}
   size_t OldSize                                  = 70254592                                  {product} {ergonomic}
    uintx ProfiledCodeHeapSize                     = 122913754                              {pd product} {ergonomic}
    uintx ReservedCodeCacheSize                    = 251658240                              {pd product} {ergonomic}
     bool SegmentedCodeCache                       = true                                      {product} {ergonomic}
     bool UseCompressedClassPointers               = true                                 {lp64_product} {ergonomic}
     bool UseCompressedOops                        = true                                 {lp64_product} {ergonomic}
     bool UseLargePagesIndividualAllocation        = false                                  {pd product} {ergonomic}
     bool UseParallelGC                            = true                                      {product} {command line}

Logging:
Log output configuration:
 #0: stdout all=warning uptime,level,tags
 #1: stderr all=off uptime,level,tags

Environment Variables:
JAVA_HOME=C:\Program Files\Amazon Corretto\jdk11.0.10_9
PATH=C:\Program Files\Amazon Corretto\jdk11.0.10_9\bin;C:\Python39\Scripts\;C:\Python39\;C:\Program Files (x86)\Common Files\Oracle\Java\javapath;C:\Windows\system32;C:\Windows;C:\Windows\System32\Wbem;C:\Windows\System32\WindowsPowerShell\v1.0\;C:\Windows\System32\OpenSSH\;C:\Program Files\nodejs\;C:\ProgramData\chocolatey\bin;C:\Program Files\Java\apache-maven-3.6.3\BIN;C:\Program Files\MySQL\MySQL Shell 8.0\bin\;C:\Users\Lokesh M\AppData\Local\Microsoft\WindowsApps;C:\Program Files\Java\jdk1.8.0_281\bin;C:\Program Files\Java\jre1.8.0_281\bin;C:\Users\Lokesh M\AppData\Roaming\npm;C:\Users\Lokesh M\AppData\Local\GitHubDesktop\bin;C:\Program Files\Amazon Corretto\jdk11.0.10_9\bin;%M2_HOME%\bin\mvn*;C:\Program Files\Java\spring-2.4.4\bin;;C:\Program Files\JetBrains\IntelliJ IDEA 2019.3.4\bin;;E:\INSTALLATION\Microsoft VS Code\bin
USERNAME=Lokesh M
OS=Windows_NT
PROCESSOR_IDENTIFIER=AMD64 Family 23 Model 113 Stepping 0, AuthenticAMD



---------------  S Y S T E M  ---------------

OS: Windows 10 , 64 bit Build 19041 (10.0.19041.928)
OS uptime: 0 days 7:11 hours
Hyper-V role detected

CPU:total 6 (initial active 6) (6 cores per cpu, 1 threads per core) family 23 model 113 stepping 0 microcode 0x0, cmov, cx8, fxsr, mmx, sse, sse2, sse3, ssse3, sse4.1, sse4.2, popcnt, avx, avx2, aes, clmul, mmxext, 3dnowpref, lzcnt, sse4a, tsc, tscinvbit, tscinv, bmi1, bmi2, adx, sha,

Memory: 4k page, system-wide physical 8144M (4175M free)
TotalPageFile size 10960M (AvailPageFile size 4386M)
current process WorkingSet (physical memory assigned to process): 153M, peak: 153M
current process commit charge ("private bytes"): 255M, peak: 255M

vm_info: OpenJDK 64-Bit Server VM (11.0.10+9-LTS) for windows-amd64 JRE (11.0.10+9-LTS), built on Jan 12 2021 22:37:55 by "Administrator" with MS VC++ 15.9 (VS2017)

END.
